Build started 5/3/16 10:53:26 AM.
     1>Project "W:\לימודים\אפקה\3rd year\CPP\Project\Final Project C++\Final Project C++\Final Project C++.vcxproj" on node 2 (Build target(s)).
     1>ClCompile:
         C:\Program Files (x86)\Microsoft Visual Studio 12.0\VC\bin\CL.exe /c /ZI /nologo /W3 /WX- /sdl /Od /Oy- /D WIN32 /D _DEBUG /D _CONSOLE /D _UNICODE /D UNICODE /Gm /EHsc /RTC1 /MDd /GS /fp:precise /Zc:wchar_t /Zc:forScope /Fo"Debug\\" /Fd"Debug\vc120.pdb" /Gd /TP /analyze- /errorReport:prompt Contact.cpp main.cpp
         main.cpp
     1>w:\לימודים\אפקה\3rd year\cpp\project\final project c++\final project c++\venue.h(8): error C2236: unexpected token 'class'. Did you forget a ';'?
     1>w:\לימודים\אפקה\3rd year\cpp\project\final project c++\final project c++\venue.h(8): error C2143: syntax error : missing ';' before '{'
     1>w:\לימודים\אפקה\3rd year\cpp\project\final project c++\final project c++\venue.h(8): error C2447: '{' : missing function header (old-style formal list?)
         Contact.cpp
     1>w:\לימודים\אפקה\3rd year\cpp\project\final project c++\final project c++\contact.cpp(12): error C2059: syntax error : '='
     1>w:\לימודים\אפקה\3rd year\cpp\project\final project c++\final project c++\contact.cpp(45): error C2059: syntax error : ')'
         Generating Code...
     1>Done Building Project "W:\לימודים\אפקה\3rd year\CPP\Project\Final Project C++\Final Project C++\Final Project C++.vcxproj" (Build target(s)) -- FAILED.

Build FAILED.

Time Elapsed 00:00:01.05
